<?xml version="1.0" encoding="UTF-8"?>
<beans xmlns="http://www.springframework.org/schema/beans"
       xmlns:xsi="http://www.w3.org/2001/XMLSchema-instance"
       xsi:schemaLocation="http://www.springframework.org/schema/beans 
       http://www.springframework.org/schema/beans/spring-beans-3.0.xsd
       http://www.springframework.org/schema/context 
	   http://www.springframework.org/schema/context/spring-context.xsd">

	<bean id="dataSource" class="org.springframework.jdbc.datasource.SimpleDriverDataSource">
		<property name="driverClass" value="com.mysql.cj.jdbc.Driver"/>
		<property name="url" value="jdbc:mysql://localhost:3306/test?serverTimezone=UTC&amp;characterEncoding=UTF-8"/>
		<property name="username" value="root"/>
		<property name="password" value="admin"/>	<!-- 을지로입구 -->
		<!-- <property name="password" value="qwer!2345"/> -->	<!-- 양천향교 -->
	</bean>
	
	<bean id="userDao" class="tobyspring.UserDao">
		<property name="dataSource" ref="dataSource"/>
	</bean>

</beans>